# JRE version: Java(TM) SE Runtime Environment (8.0_141-b15) (build 1.8.0_141-b15)
# Java VM: Java HotSpot(TM) 64-Bit Server VM (25.141-b15 mixed mode windows-amd64 compressed oops)
Heap:
 PSYoungGen      total 26112K, used 5317K [0x00000000e2d00000, 0x00000000e4a00000, 0x0000000100000000)
  eden space 22528K, 7% used [0x00000000e2d00000,0x00000000e2eb5550,0x00000000e4300000)
  from space 3584K, 99% used [0x00000000e4680000,0x00000000e49fc010,0x00000000e4a00000)
  to   space 3584K, 0% used [0x00000000e4300000,0x00000000e4300000,0x00000000e4680000)
 ParOldGen       total 60416K, used 22518K [0x00000000a8600000, 0x00000000ac100000, 0x00000000e2d00000)
  object space 60416K, 37% used [0x00000000a8600000,0x00000000a9bfda90,0x00000000ac100000)
 Metaspace       used 14238K, capacity 14420K, committed 14592K, reserved 1062912K
  class space    used 1697K, capacity 1782K, committed 1792K, reserved 1048576K
GC Heap History (8 events):
Event: 1.698 GC heap before
{Heap before GC invocations=1 (full 0):
 PSYoungGen      total 26112K, used 22528K [0x00000000e2d00000, 0x00000000e4a00000, 0x0000000100000000)
  eden space 22528K, 100% used [0x00000000e2d00000,0x00000000e4300000,0x00000000e4300000)
  from space 3584K, 0% used [0x00000000e4680000,0x00000000e4680000,0x00000000e4a00000)
  to   space 3584K, 0% used [0x00000000e4300000,0x00000000e4300000,0x00000000e4680000)
 ParOldGen       total 60416K, used 0K [0x00000000a8600000, 0x00000000ac100000, 0x00000000e2d00000)
  object space 60416K, 0% used [0x00000000a8600000,0x00000000a8600000,0x00000000ac100000)
 Metaspace       used 14226K, capacity 14420K, committed 14592K, reserved 1062912K
  class space    used 1697K, capacity 1782K, committed 1792K, reserved 1048576K
Event: 1.710 GC heap after
Heap after GC invocations=1 (full 0):
 PSYoungGen      total 26112K, used 3568K [0x00000000e2d00000, 0x00000000e4a00000, 0x0000000100000000)
  eden space 22528K, 0% used [0x00000000e2d00000,0x00000000e2d00000,0x00000000e4300000)
  from space 3584K, 99% used [0x00000000e4300000,0x00000000e467c010,0x00000000e4680000)
  to   space 3584K, 0% used [0x00000000e4680000,0x00000000e4680000,0x00000000e4a00000)
 ParOldGen       total 60416K, used 7754K [0x00000000a8600000, 0x00000000ac100000, 0x00000000e2d00000)
  object space 60416K, 12% used [0x00000000a8600000,0x00000000a8d92a30,0x00000000ac100000)
 Metaspace       used 14226K, capacity 14420K, committed 14592K, reserved 1062912K
  class space    used 1697K, capacity 1782K, committed 1792K, reserved 1048576K
}
Event: 2.225 GC heap before
{Heap before GC invocations=2 (full 0):
 PSYoungGen      total 26112K, used 24960K [0x00000000e2d00000, 0x00000000e4a00000, 0x0000000100000000)
  eden space 22528K, 94% used [0x00000000e2d00000,0x00000000e41e42d8,0x00000000e4300000)
  from space 3584K, 99% used [0x00000000e4300000,0x00000000e467c010,0x00000000e4680000)
  to   space 3584K, 0% used [0x00000000e4680000,0x00000000e4680000,0x00000000e4a00000)
 ParOldGen       total 60416K, used 7754K [0x00000000a8600000, 0x00000000ac100000, 0x00000000e2d00000)
  object space 60416K, 12% used [0x00000000a8600000,0x00000000a8d92a30,0x00000000ac100000)
 Metaspace       used 14235K, capacity 14420K, committed 14592K, reserved 1062912K
  class space    used 1697K, capacity 1782K, committed 1792K, reserved 1048576K
Event: 2.231 GC heap after
Heap after GC invocations=2 (full 0):
 PSYoungGen      total 26112K, used 3568K [0x00000000e2d00000, 0x00000000e4a00000, 0x0000000100000000)
  eden space 22528K, 0% used [0x00000000e2d00000,0x00000000e2d00000,0x00000000e4300000)
  from space 3584K, 99% used [0x00000000e4680000,0x00000000e49fc010,0x00000000e4a00000)
  to   space 3584K, 0% used [0x00000000e4300000,0x00000000e4300000,0x00000000e4680000)
 ParOldGen       total 60416K, used 13370K [0x00000000a8600000, 0x00000000ac100000, 0x00000000e2d00000)
  object space 60416K, 22% used [0x00000000a8600000,0x00000000a930ea50,0x00000000ac100000)
 Metaspace       used 14235K, capacity 14420K, committed 14592K, reserved 1062912K
  class space    used 1697K, capacity 1782K, committed 1792K, reserved 1048576K
}
Event: 2.551 GC heap before
{Heap before GC invocations=3 (full 0):
 PSYoungGen      total 26112K, used 24411K [0x00000000e2d00000, 0x00000000e4a00000, 0x0000000100000000)
  eden space 22528K, 92% used [0x00000000e2d00000,0x00000000e415ae48,0x00000000e4300000)
  from space 3584K, 99% used [0x00000000e4680000,0x00000000e49fc010,0x00000000e4a00000)
  to   space 3584K, 0% used [0x00000000e4300000,0x00000000e4300000,0x00000000e4680000)
 ParOldGen       total 60416K, used 13370K [0x00000000a8600000, 0x00000000ac100000, 0x00000000e2d00000)
  object space 60416K, 22% used [0x00000000a8600000,0x00000000a930ea50,0x00000000ac100000)
 Metaspace       used 14238K, capacity 14420K, committed 14592K, reserved 1062912K
  class space    used 1697K, capacity 1782K, committed 1792K, reserved 1048576K
Event: 2.556 GC heap after
Heap after GC invocations=3 (full 0):
 PSYoungGen      total 26112K, used 896K [0x00000000e2d00000, 0x00000000e4a00000, 0x0000000100000000)
  eden space 22528K, 0% used [0x00000000e2d00000,0x00000000e2d00000,0x00000000e4300000)
  from space 3584K, 25% used [0x00000000e4300000,0x00000000e43e0000,0x00000000e4680000)
  to   space 3584K, 0% used [0x00000000e4680000,0x00000000e4680000,0x00000000e4a00000)
 ParOldGen       total 60416K, used 16178K [0x00000000a8600000, 0x00000000ac100000, 0x00000000e2d00000)
  object space 60416K, 26% used [0x00000000a8600000,0x00000000a95cca60,0x00000000ac100000)
 Metaspace       used 14238K, capacity 14420K, committed 14592K, reserved 1062912K
  class space    used 1697K, capacity 1782K, committed 1792K, reserved 1048576K
}
Event: 2.756 GC heap before
{Heap before GC invocations=4 (full 0):
 PSYoungGen      total 26112K, used 23424K [0x00000000e2d00000, 0x00000000e4a00000, 0x0000000100000000)
  eden space 22528K, 100% used [0x00000000e2d00000,0x00000000e4300000,0x00000000e4300000)
  from space 3584K, 25% used [0x00000000e4300000,0x00000000e43e0000,0x00000000e4680000)
  to   space 3584K, 0% used [0x00000000e4680000,0x00000000e4680000,0x00000000e4a00000)
 ParOldGen       total 60416K, used 16178K [0x00000000a8600000, 0x00000000ac100000, 0x00000000e2d00000)
  object space 60416K, 26% used [0x00000000a8600000,0x00000000a95cca60,0x00000000ac100000)
 Metaspace       used 14238K, capacity 14420K, committed 14592K, reserved 1062912K
  class space    used 1697K, capacity 1782K, committed 1792K, reserved 1048576K
Event: 2.762 GC heap after
Heap after GC invocations=4 (full 0):
 PSYoungGen      total 26112K, used 3568K [0x00000000e2d00000, 0x00000000e4a00000, 0x0000000100000000)
  eden space 22528K, 0% used [0x00000000e2d00000,0x00000000e2d00000,0x00000000e4300000)
  from space 3584K, 99% used [0x00000000e4680000,0x00000000e49fc010,0x00000000e4a00000)
  to   space 3584K, 0% used [0x00000000e4300000,0x00000000e4300000,0x00000000e4680000)
 ParOldGen       total 60416K, used 22518K [0x00000000a8600000, 0x00000000ac100000, 0x00000000e2d00000)
  object space 60416K, 37% used [0x00000000a8600000,0x00000000a9bfda90,0x00000000ac100000)
 Metaspace       used 14238K, capacity 14420K, committed 14592K, reserved 1062912K
  class space    used 1697K, capacity 1782K, committed 1792K, reserved 1048576K
}

