# JRE version: Java(TM) SE Runtime Environment (8.0_141-b15) (build 1.8.0_141-b15)
# Java VM: Java HotSpot(TM) 64-Bit Server VM (25.141-b15 mixed mode windows-amd64 compressed oops)
Heap:
 PSYoungGen      total 26112K, used 8769K [0x00000000e2d00000, 0x00000000e4a00000, 0x0000000100000000)
  eden space 22528K, 23% used [0x00000000e2d00000,0x00000000e3218550,0x00000000e4300000)
  from space 3584K, 99% used [0x00000000e4300000,0x00000000e4678010,0x00000000e4680000)
  to   space 3584K, 0% used [0x00000000e4680000,0x00000000e4680000,0x00000000e4a00000)
 ParOldGen       total 60416K, used 29728K [0x00000000a8600000, 0x00000000ac100000, 0x00000000e2d00000)
  object space 60416K, 49% used [0x00000000a8600000,0x00000000aa308228,0x00000000ac100000)
 Metaspace       used 14258K, capacity 14484K, committed 14592K, reserved 1062912K
  class space    used 1699K, capacity 1782K, committed 1792K, reserved 1048576K
GC Heap History (10 events):
Event: 1.622 GC heap before
{Heap before GC invocations=1 (full 0):
 PSYoungGen      total 26112K, used 22528K [0x00000000e2d00000, 0x00000000e4a00000, 0x0000000100000000)
  eden space 22528K, 100% used [0x00000000e2d00000,0x00000000e4300000,0x00000000e4300000)
  from space 3584K, 0% used [0x00000000e4680000,0x00000000e4680000,0x00000000e4a00000)
  to   space 3584K, 0% used [0x00000000e4300000,0x00000000e4300000,0x00000000e4680000)
 ParOldGen       total 60416K, used 0K [0x00000000a8600000, 0x00000000ac100000, 0x00000000e2d00000)
  object space 60416K, 0% used [0x00000000a8600000,0x00000000a8600000,0x00000000ac100000)
 Metaspace       used 14243K, capacity 14420K, committed 14592K, reserved 1062912K
  class space    used 1699K, capacity 1782K, committed 1792K, reserved 1048576K
Event: 1.633 GC heap after
Heap after GC invocations=1 (full 0):
 PSYoungGen      total 26112K, used 3568K [0x00000000e2d00000, 0x00000000e4a00000, 0x0000000100000000)
  eden space 22528K, 0% used [0x00000000e2d00000,0x00000000e2d00000,0x00000000e4300000)
  from space 3584K, 99% used [0x00000000e4300000,0x00000000e467c010,0x00000000e4680000)
  to   space 3584K, 0% used [0x00000000e4680000,0x00000000e4680000,0x00000000e4a00000)
 ParOldGen       total 60416K, used 7737K [0x00000000a8600000, 0x00000000ac100000, 0x00000000e2d00000)
  object space 60416K, 12% used [0x00000000a8600000,0x00000000a8d8e598,0x00000000ac100000)
 Metaspace       used 14243K, capacity 14420K, committed 14592K, reserved 1062912K
  class space    used 1699K, capacity 1782K, committed 1792K, reserved 1048576K
}
Event: 2.570 GC heap before
{Heap before GC invocations=2 (full 0):
 PSYoungGen      total 26112K, used 24961K [0x00000000e2d00000, 0x00000000e4a00000, 0x0000000100000000)
  eden space 22528K, 94% used [0x00000000e2d00000,0x00000000e41e47a0,0x00000000e4300000)
  from space 3584K, 99% used [0x00000000e4300000,0x00000000e467c010,0x00000000e4680000)
  to   space 3584K, 0% used [0x00000000e4680000,0x00000000e4680000,0x00000000e4a00000)
 ParOldGen       total 60416K, used 7737K [0x00000000a8600000, 0x00000000ac100000, 0x00000000e2d00000)
  object space 60416K, 12% used [0x00000000a8600000,0x00000000a8d8e598,0x00000000ac100000)
 Metaspace       used 14255K, capacity 14420K, committed 14592K, reserved 1062912K
  class space    used 1699K, capacity 1782K, committed 1792K, reserved 1048576K
Event: 2.580 GC heap after
Heap after GC invocations=2 (full 0):
 PSYoungGen      total 26112K, used 3568K [0x00000000e2d00000, 0x00000000e4a00000, 0x0000000100000000)
  eden space 22528K, 0% used [0x00000000e2d00000,0x00000000e2d00000,0x00000000e4300000)
  from space 3584K, 99% used [0x00000000e4680000,0x00000000e49fc010,0x00000000e4a00000)
  to   space 3584K, 0% used [0x00000000e4300000,0x00000000e4300000,0x00000000e4680000)
 ParOldGen       total 60416K, used 13369K [0x00000000a8600000, 0x00000000ac100000, 0x00000000e2d00000)
  object space 60416K, 22% used [0x00000000a8600000,0x00000000a930e5b8,0x00000000ac100000)
 Metaspace       used 14255K, capacity 14420K, committed 14592K, reserved 1062912K
  class space    used 1699K, capacity 1782K, committed 1792K, reserved 1048576K
}
Event: 2.882 GC heap before
{Heap before GC invocations=3 (full 0):
 PSYoungGen      total 26112K, used 24413K [0x00000000e2d00000, 0x00000000e4a00000, 0x0000000100000000)
  eden space 22528K, 92% used [0x00000000e2d00000,0x00000000e415b408,0x00000000e4300000)
  from space 3584K, 99% used [0x00000000e4680000,0x00000000e49fc010,0x00000000e4a00000)
  to   space 3584K, 0% used [0x00000000e4300000,0x00000000e4300000,0x00000000e4680000)
 ParOldGen       total 60416K, used 13369K [0x00000000a8600000, 0x00000000ac100000, 0x00000000e2d00000)
  object space 60416K, 22% used [0x00000000a8600000,0x00000000a930e5b8,0x00000000ac100000)
 Metaspace       used 14258K, capacity 14420K, committed 14592K, reserved 1062912K
  class space    used 1699K, capacity 1782K, committed 1792K, reserved 1048576K
Event: 2.908 GC heap after
Heap after GC invocations=3 (full 0):
 PSYoungGen      total 26112K, used 864K [0x00000000e2d00000, 0x00000000e4a00000, 0x0000000100000000)
  eden space 22528K, 0% used [0x00000000e2d00000,0x00000000e2d00000,0x00000000e4300000)
  from space 3584K, 24% used [0x00000000e4300000,0x00000000e43d8000,0x00000000e4680000)
  to   space 3584K, 0% used [0x00000000e4680000,0x00000000e4680000,0x00000000e4a00000)
 ParOldGen       total 60416K, used 16177K [0x00000000a8600000, 0x00000000ac100000, 0x00000000e2d00000)
  object space 60416K, 26% used [0x00000000a8600000,0x00000000a95cc5c8,0x00000000ac100000)
 Metaspace       used 14258K, capacity 14420K, committed 14592K, reserved 1062912K
  class space    used 1699K, capacity 1782K, committed 1792K, reserved 1048576K
}
Event: 3.107 GC heap before
{Heap before GC invocations=4 (full 0):
 PSYoungGen      total 26112K, used 23392K [0x00000000e2d00000, 0x00000000e4a00000, 0x0000000100000000)
  eden space 22528K, 100% used [0x00000000e2d00000,0x00000000e4300000,0x00000000e4300000)
  from space 3584K, 24% used [0x00000000e4300000,0x00000000e43d8000,0x00000000e4680000)
  to   space 3584K, 0% used [0x00000000e4680000,0x00000000e4680000,0x00000000e4a00000)
 ParOldGen       total 60416K, used 16177K [0x00000000a8600000, 0x00000000ac100000, 0x00000000e2d00000)
  object space 60416K, 26% used [0x00000000a8600000,0x00000000a95cc5c8,0x00000000ac100000)
 Metaspace       used 14258K, capacity 14420K, committed 14592K, reserved 1062912K
  class space    used 1699K, capacity 1782K, committed 1792K, reserved 1048576K
Event: 3.116 GC heap after
Heap after GC invocations=4 (full 0):
 PSYoungGen      total 26112K, used 3568K [0x00000000e2d00000, 0x00000000e4a00000, 0x0000000100000000)
  eden space 22528K, 0% used [0x00000000e2d00000,0x00000000e2d00000,0x00000000e4300000)
  from space 3584K, 99% used [0x00000000e4680000,0x00000000e49fc010,0x00000000e4a00000)
  to   space 3584K, 0% used [0x00000000e4300000,0x00000000e4300000,0x00000000e4680000)
 ParOldGen       total 60416K, used 22509K [0x00000000a8600000, 0x00000000ac100000, 0x00000000e2d00000)
  object space 60416K, 37% used [0x00000000a8600000,0x00000000a9bfb5f8,0x00000000ac100000)
 Metaspace       used 14258K, capacity 14420K, committed 14592K, reserved 1062912K
  class space    used 1699K, capacity 1782K, committed 1792K, reserved 1048576K
}
Event: 3.452 GC heap before
{Heap before GC invocations=5 (full 0):
 PSYoungGen      total 26112K, used 26096K [0x00000000e2d00000, 0x00000000e4a00000, 0x0000000100000000)
  eden space 22528K, 100% used [0x00000000e2d00000,0x00000000e4300000,0x00000000e4300000)
  from space 3584K, 99% used [0x00000000e4680000,0x00000000e49fc010,0x00000000e4a00000)
  to   space 3584K, 0% used [0x00000000e4300000,0x00000000e4300000,0x00000000e4680000)
 ParOldGen       total 60416K, used 22509K [0x00000000a8600000, 0x00000000ac100000, 0x00000000e2d00000)
  object space 60416K, 37% used [0x00000000a8600000,0x00000000a9bfb5f8,0x00000000ac100000)
 Metaspace       used 14258K, capacity 14420K, committed 14592K, reserved 1062912K
  class space    used 1699K, capacity 1782K, committed 1792K, reserved 1048576K
Event: 3.459 GC heap after
Heap after GC invocations=5 (full 0):
 PSYoungGen      total 26112K, used 3552K [0x00000000e2d00000, 0x00000000e4a00000, 0x0000000100000000)
  eden space 22528K, 0% used [0x00000000e2d00000,0x00000000e2d00000,0x00000000e4300000)
  from space 3584K, 99% used [0x00000000e4300000,0x00000000e4678010,0x00000000e4680000)
  to   space 3584K, 0% used [0x00000000e4680000,0x00000000e4680000,0x00000000e4a00000)
 ParOldGen       total 60416K, used 29728K [0x00000000a8600000, 0x00000000ac100000, 0x00000000e2d00000)
  object space 60416K, 49% used [0x00000000a8600000,0x00000000aa308228,0x00000000ac100000)
 Metaspace       used 14258K, capacity 14420K, committed 14592K, reserved 1062912K
  class space    used 1699K, capacity 1782K, committed 1792K, reserved 1048576K
}

